Using pre-set license
Built from '2020.3/staging' branch; Version is '2020.3.11f1 (99c7afb366b3) revision 10078127'; Using compiler version '192528614'; Build Type 'Release'
OS: 'Windows 10 Pro; OS build 19041.1348; Version 2004; 64bit' Language: 'en' Physical Memory: 8072 MB
BatchMode: 1, IsHumanControllingUs: 0, StartBugReporterOnCrash: 0, Is64bit: 1, IsPro: 0

 COMMAND LINE ARGUMENTS:
C:\Users\Laitooo\Desktop\2020.3.11f1\Editor\Unity.exe
-adb2
-batchMode
-noUpm
-name
AssetImportWorker0
-projectPath
Z:/Projects/Unity/plantsVsZombies/Plants vs Zombies
-logFile
Logs/AssetImportWorker0.log
-srvPort
64579
Successfully changed project path to: Z:/Projects/Unity/plantsVsZombies/Plants vs Zombies
Z:/Projects/Unity/plantsVsZombies/Plants vs Zombies
Using Asset Import Pipeline V2.
Refreshing native plugins compatible for Editor in 53.03 ms, found 2 plugins.
Preloading 0 native plugins for Editor in 0.00 ms.
Initialize engine version: 2020.3.11f1 (99c7afb366b3)
[Subsystems] Discovering subsystems at path C:/Users/Laitooo/Desktop/2020.3.11f1/Editor/Data/Resources/UnitySubsystems
[Subsystems] Discovering subsystems at path Z:/Projects/Unity/plantsVsZombies/Plants vs Zombies/Assets
GfxDevice: creating device client; threaded=0
Direct3D:
    Version:  Direct3D 11.0 [level 11.0]
    Renderer: AMD Radeon HD 7650M (ID=0x6841)
    Vendor:   
    VRAM:     2028 MB
    Driver:   15.201.1301.0
Initialize mono
Mono path[0] = 'C:/Users/Laitooo/Desktop/2020.3.11f1/Editor/Data/Managed'
Mono path[1] = 'C:/Users/Laitooo/Desktop/2020.3.11f1/Editor/Data/MonoBleedingEdge/lib/mono/unityjit'
Mono config path = 'C:/Users/Laitooo/Desktop/2020.3.11f1/Editor/Data/MonoBleedingEdge/etc'
Using monoOptions --debugger-agent=transport=dt_socket,embedding=1,server=y,suspend=n,address=127.0.0.1:56480
Begin MonoManager ReloadAssembly
Registering precompiled unity dll's ...
Register platform support module: C:/Users/Laitooo/Desktop/2020.3.11f1/Editor/Data/PlaybackEngines/WebGLSupport/UnityEditor.WebGL.Extensions.dll
Register platform support module: C:/Users/Laitooo/Desktop/2020.3.11f1/Editor/Data/PlaybackEngines/WindowsStandaloneSupport/UnityEditor.WindowsStandalone.Extensions.dll
Registered in 0.003690 seconds.
Native extension for WindowsStandalone target not found
Native extension for WebGL target not found
Refreshing native plugins compatible for Editor in 50.70 ms, found 2 plugins.
Preloading 0 native plugins for Editor in 0.00 ms.
Mono: successfully reloaded assembly
- Completed reload, in  3.113 seconds
Platform modules already initialized, skipping
Registering precompiled user dll's ...
Registered in 0.009491 seconds.
Begin MonoManager ReloadAssembly
Native extension for WindowsStandalone target not found
Native extension for WebGL target not found
Refreshing native plugins compatible for Editor in 0.42 ms, found 2 plugins.
Preloading 0 native plugins for Editor in 0.00 ms.
Mono: successfully reloaded assembly
- Completed reload, in  1.779 seconds
Platform modules already initialized, skipping
========================================================================
Worker process is ready to serve import requests
Launched and connected shader compiler UnityShaderCompiler.exe after 0.07 seconds
Refreshing native plugins compatible for Editor in 0.46 ms, found 2 plugins.
Preloading 0 native plugins for Editor in 0.00 ms.
Unloading 1390 Unused Serialized files (Serialized files now loaded: 0)
System memory in use before: 64.9 MB.
System memory in use after: 64.9 MB.

Unloading 19 unused Assets to reduce memory usage. Loaded Objects now: 1824.
Total: 4.516800 ms (FindLiveObjects: 0.534600 ms CreateObjectMapping: 0.109300 ms MarkObjects: 3.705600 ms  DeleteObjects: 0.164800 ms)

========================================================================
Received Import Request.
  path: Assets/plant1 1.prefab
  artifactKey: Guid(34dad47348902544a8c53283fddb60ee) Importer(815301076,1909f56bfc062723c751e8b465ee728b)
Start importing Assets/plant1 1.prefab using Guid(34dad47348902544a8c53283fddb60ee) Importer(815301076,1909f56bfc062723c751e8b465ee728b)  -> (artifact id: '8b9fa6263d9d050edb35f608563cb7da') in 0.285258 seconds
  Import took 0.292073 seconds .

========================================================================
Received Import Request.
  Time since last request: 0.016980 seconds.
  path: Assets/plant1 1.prefab
  artifactKey: Guid(34dad47348902544a8c53283fddb60ee) Importer(815301076,1909f56bfc062723c751e8b465ee728b)
Start importing Assets/plant1 1.prefab using Guid(34dad47348902544a8c53283fddb60ee) Importer(815301076,1909f56bfc062723c751e8b465ee728b)  -> (artifact id: '8b9fa6263d9d050edb35f608563cb7da') in 0.040014 seconds
  Import took 0.052775 seconds .

========================================================================
Received Import Request.
  Time since last request: 6.146549 seconds.
  path: Assets/plant1 1.prefab
  artifactKey: Guid(34dad47348902544a8c53283fddb60ee) Importer(815301076,1909f56bfc062723c751e8b465ee728b)
Start importing Assets/plant1 1.prefab using Guid(34dad47348902544a8c53283fddb60ee) Importer(815301076,1909f56bfc062723c751e8b465ee728b)  -> (artifact id: 'ca4383fce9c2a7c8be253c3ee5e6c804') in 0.010024 seconds
  Import took 0.017313 seconds .

========================================================================
Received Import Request.
  Time since last request: 77.535205 seconds.
  path: Assets/models
  artifactKey: Guid(4cc429a6a519d044c862c1064f45bef5) Importer(815301076,1909f56bfc062723c751e8b465ee728b)
Start importing Assets/models using Guid(4cc429a6a519d044c862c1064f45bef5) Importer(815301076,1909f56bfc062723c751e8b465ee728b)  -> (artifact id: 'c8a133fa3197edee80d400d382c78da7') in 0.022625 seconds
  Import took 0.032766 seconds .

========================================================================
Received Prepare
Registering precompiled user dll's ...
Registered in 0.004602 seconds.
Begin MonoManager ReloadAssembly
Native extension for WindowsStandalone target not found
Native extension for WebGL target not found
Refreshing native plugins compatible for Editor in 0.68 ms, found 2 plugins.
Preloading 0 native plugins for Editor in 0.00 ms.
Mono: successfully reloaded assembly
- Completed reload, in  1.896 seconds
Platform modules already initialized, skipping
Refreshing native plugins compatible for Editor in 0.50 ms, found 2 plugins.
Preloading 0 native plugins for Editor in 0.00 ms.
Unloading 1385 Unused Serialized files (Serialized files now loaded: 0)
System memory in use before: 67.9 MB.
System memory in use after: 68.0 MB.

Unloading 14 unused Assets to reduce memory usage. Loaded Objects now: 1834.
Total: 3.544600 ms (FindLiveObjects: 0.329600 ms CreateObjectMapping: 0.098000 ms MarkObjects: 3.012900 ms  DeleteObjects: 0.101100 ms)

========================================================================
Received Import Request.
  Time since last request: 240.175228 seconds.
  path: Assets/Plant1.prefab
  artifactKey: Guid(fcb3d9dc5734a4045a30ac6b90521253) Importer(815301076,1909f56bfc062723c751e8b465ee728b)
Start importing Assets/Plant1.prefab using Guid(fcb3d9dc5734a4045a30ac6b90521253) Importer(815301076,1909f56bfc062723c751e8b465ee728b)  -> (artifact id: '9e79de6f88194b299d81e6488d42e829') in 0.210468 seconds
  Import took 0.221099 seconds .

========================================================================
Received Import Request.
  Time since last request: 81.630748 seconds.
  path: Assets/Plant1.prefab
  artifactKey: Guid(fcb3d9dc5734a4045a30ac6b90521253) Importer(815301076,1909f56bfc062723c751e8b465ee728b)
Start importing Assets/Plant1.prefab using Guid(fcb3d9dc5734a4045a30ac6b90521253) Importer(815301076,1909f56bfc062723c751e8b465ee728b)  -> (artifact id: '5a6c37c917ac23cc9c8d035b40b2f046') in 0.039187 seconds
  Import took 0.049235 seconds .

========================================================================
Received Import Request.
  Time since last request: 0.035618 seconds.
  path: Assets/Plant1.prefab
  artifactKey: Guid(fcb3d9dc5734a4045a30ac6b90521253) Importer(815301076,1909f56bfc062723c751e8b465ee728b)
Start importing Assets/Plant1.prefab using Guid(fcb3d9dc5734a4045a30ac6b90521253) Importer(815301076,1909f56bfc062723c751e8b465ee728b)  -> (artifact id: '5a6c37c917ac23cc9c8d035b40b2f046') in 0.044383 seconds
  Import took 0.051873 seconds .

========================================================================
Received Import Request.
  Time since last request: 3109.412237 seconds.
  path: Assets/Scenes/scene3.unity
  artifactKey: Guid(9fa955ebf5cfede4aa7999cb47e567b8) Importer(815301076,1909f56bfc062723c751e8b465ee728b)
Start importing Assets/Scenes/scene3.unity using Guid(9fa955ebf5cfede4aa7999cb47e567b8) Importer(815301076,1909f56bfc062723c751e8b465ee728b)  -> (artifact id: '0eaae2242cb9532aa195aa7978a34bb4') in 0.026704 seconds
  Import took 0.035409 seconds .

