Using pre-set license
Built from '2020.3/staging' branch; Version is '2020.3.11f1 (99c7afb366b3) revision 10078127'; Using compiler version '192528614'; Build Type 'Release'
OS: 'Windows 10 Pro; OS build 19041.1348; Version 2004; 64bit' Language: 'en' Physical Memory: 8072 MB
BatchMode: 1, IsHumanControllingUs: 0, StartBugReporterOnCrash: 0, Is64bit: 1, IsPro: 0

 COMMAND LINE ARGUMENTS:
C:\Users\Laitooo\Desktop\2020.3.11f1\Editor\Unity.exe
-adb2
-batchMode
-noUpm
-name
AssetImportWorker0
-projectPath
Z:/Projects/Unity/plantsVsZombies/Plants vs Zombies
-logFile
Logs/AssetImportWorker0.log
-srvPort
60769
Successfully changed project path to: Z:/Projects/Unity/plantsVsZombies/Plants vs Zombies
Z:/Projects/Unity/plantsVsZombies/Plants vs Zombies
Using Asset Import Pipeline V2.
Refreshing native plugins compatible for Editor in 49.29 ms, found 2 plugins.
Preloading 0 native plugins for Editor in 0.00 ms.
Initialize engine version: 2020.3.11f1 (99c7afb366b3)
[Subsystems] Discovering subsystems at path C:/Users/Laitooo/Desktop/2020.3.11f1/Editor/Data/Resources/UnitySubsystems
[Subsystems] Discovering subsystems at path Z:/Projects/Unity/plantsVsZombies/Plants vs Zombies/Assets
GfxDevice: creating device client; threaded=0
Direct3D:
    Version:  Direct3D 11.0 [level 11.0]
    Renderer: AMD Radeon HD 7650M (ID=0x6841)
    Vendor:   
    VRAM:     2028 MB
    Driver:   15.201.1301.0
Initialize mono
Mono path[0] = 'C:/Users/Laitooo/Desktop/2020.3.11f1/Editor/Data/Managed'
Mono path[1] = 'C:/Users/Laitooo/Desktop/2020.3.11f1/Editor/Data/MonoBleedingEdge/lib/mono/unityjit'
Mono config path = 'C:/Users/Laitooo/Desktop/2020.3.11f1/Editor/Data/MonoBleedingEdge/etc'
Using monoOptions --debugger-agent=transport=dt_socket,embedding=1,server=y,suspend=n,address=127.0.0.1:56420
Begin MonoManager ReloadAssembly
Registering precompiled unity dll's ...
Register platform support module: C:/Users/Laitooo/Desktop/2020.3.11f1/Editor/Data/PlaybackEngines/WebGLSupport/UnityEditor.WebGL.Extensions.dll
Register platform support module: C:/Users/Laitooo/Desktop/2020.3.11f1/Editor/Data/PlaybackEngines/WindowsStandaloneSupport/UnityEditor.WindowsStandalone.Extensions.dll
Registered in 0.002959 seconds.
Native extension for WindowsStandalone target not found
Native extension for WebGL target not found
Refreshing native plugins compatible for Editor in 53.60 ms, found 2 plugins.
Preloading 0 native plugins for Editor in 0.00 ms.
Mono: successfully reloaded assembly
- Completed reload, in  3.218 seconds
Platform modules already initialized, skipping
Registering precompiled user dll's ...
Registered in 0.004111 seconds.
Begin MonoManager ReloadAssembly
Native extension for WindowsStandalone target not found
Native extension for WebGL target not found
Refreshing native plugins compatible for Editor in 1.08 ms, found 2 plugins.
Preloading 0 native plugins for Editor in 0.00 ms.
Mono: successfully reloaded assembly
- Completed reload, in  4.546 seconds
Platform modules already initialized, skipping
========================================================================
Worker process is ready to serve import requests
Launched and connected shader compiler UnityShaderCompiler.exe after 0.09 seconds
Refreshing native plugins compatible for Editor in 0.71 ms, found 2 plugins.
Preloading 0 native plugins for Editor in 0.00 ms.
Unloading 1389 Unused Serialized files (Serialized files now loaded: 0)
System memory in use before: 64.8 MB.
System memory in use after: 64.9 MB.

Unloading 19 unused Assets to reduce memory usage. Loaded Objects now: 1823.
Total: 3.936600 ms (FindLiveObjects: 0.316700 ms CreateObjectMapping: 0.088600 ms MarkObjects: 3.303900 ms  DeleteObjects: 0.225000 ms)

========================================================================
Received Import Request.
  path: Assets/models/plant1/source/PeaShooter2.fbx
  artifactKey: Guid(02de5aadce742394ba32b424cdb03243) Importer(815301076,1909f56bfc062723c751e8b465ee728b)
Start importing Assets/models/plant1/source/PeaShooter2.fbx using Guid(02de5aadce742394ba32b424cdb03243) Importer(815301076,1909f56bfc062723c751e8b465ee728b)  -> (artifact id: '03528eef5a1b78a8604587626252a8d9') in 0.594906 seconds
  Import took 0.601541 seconds .

========================================================================
Received Import Request.
  Time since last request: 0.000638 seconds.
  path: Assets/models/plant1
  artifactKey: Guid(39cfbf37fb8600f45a7d91ed53c0e472) Importer(815301076,1909f56bfc062723c751e8b465ee728b)
Start importing Assets/models/plant1 using Guid(39cfbf37fb8600f45a7d91ed53c0e472) Importer(815301076,1909f56bfc062723c751e8b465ee728b)  -> (artifact id: '2ff54493d546c47cb07d8cfb90b06894') in 0.017558 seconds
  Import took 0.023704 seconds .

========================================================================
Received Import Request.
  Time since last request: 0.000341 seconds.
  path: Assets/models/plant1/source
  artifactKey: Guid(3f89865e3df615b4ca086c037b8be406) Importer(815301076,1909f56bfc062723c751e8b465ee728b)
Start importing Assets/models/plant1/source using Guid(3f89865e3df615b4ca086c037b8be406) Importer(815301076,1909f56bfc062723c751e8b465ee728b)  -> (artifact id: '8de6abb0902e3ff601058b92fbb71227') in 0.016130 seconds
  Import took 0.023208 seconds .

========================================================================
Received Import Request.
  Time since last request: 126.396009 seconds.
  path: Assets/Scenes/scene3.unity
  artifactKey: Guid(9fa955ebf5cfede4aa7999cb47e567b8) Importer(815301076,1909f56bfc062723c751e8b465ee728b)
Start importing Assets/Scenes/scene3.unity using Guid(9fa955ebf5cfede4aa7999cb47e567b8) Importer(815301076,1909f56bfc062723c751e8b465ee728b)  -> (artifact id: 'a8933a042cdb0d9be3175a25a93b34c7') in 0.020589 seconds
  Import took 0.027450 seconds .

========================================================================
Received Import Request.
  Time since last request: 0.005444 seconds.
  path: Assets/Scenes/scene3.unity
  artifactKey: Guid(9fa955ebf5cfede4aa7999cb47e567b8) Importer(815301076,1909f56bfc062723c751e8b465ee728b)
Start importing Assets/Scenes/scene3.unity using Guid(9fa955ebf5cfede4aa7999cb47e567b8) Importer(815301076,1909f56bfc062723c751e8b465ee728b)  -> (artifact id: 'a8933a042cdb0d9be3175a25a93b34c7') in 0.009242 seconds
  Import took 0.020965 seconds .

========================================================================
Received Import Request.
  Time since last request: 0.760038 seconds.
  path: Assets/Scenes/scene2.unity
  artifactKey: Guid(254f392c6e900b04696b55923a27e247) Importer(815301076,1909f56bfc062723c751e8b465ee728b)
Start importing Assets/Scenes/scene2.unity using Guid(254f392c6e900b04696b55923a27e247) Importer(815301076,1909f56bfc062723c751e8b465ee728b)  -> (artifact id: '71c2d4d395649541063483149a749bda') in 0.019053 seconds
  Import took 0.026368 seconds .

========================================================================
Received Import Request.
  Time since last request: 0.002133 seconds.
  path: Assets/Scenes/scene2.unity
  artifactKey: Guid(254f392c6e900b04696b55923a27e247) Importer(815301076,1909f56bfc062723c751e8b465ee728b)
Start importing Assets/Scenes/scene2.unity using Guid(254f392c6e900b04696b55923a27e247) Importer(815301076,1909f56bfc062723c751e8b465ee728b)  -> (artifact id: '71c2d4d395649541063483149a749bda') in 0.010371 seconds
  Import took 0.023484 seconds .

========================================================================
Received Import Request.
  Time since last request: 0.572272 seconds.
  path: Assets/Scenes/scene1.unity
  artifactKey: Guid(7483ec4cf5d0e984fb05503046ccc564) Importer(815301076,1909f56bfc062723c751e8b465ee728b)
Start importing Assets/Scenes/scene1.unity using Guid(7483ec4cf5d0e984fb05503046ccc564) Importer(815301076,1909f56bfc062723c751e8b465ee728b)  -> (artifact id: 'ee72f3e6627f9d4ca8d3a683b5c83a3e') in 0.022791 seconds
  Import took 0.031227 seconds .

========================================================================
Received Import Request.
  Time since last request: 0.001227 seconds.
  path: Assets/Scenes/scene1.unity
  artifactKey: Guid(7483ec4cf5d0e984fb05503046ccc564) Importer(815301076,1909f56bfc062723c751e8b465ee728b)
Start importing Assets/Scenes/scene1.unity using Guid(7483ec4cf5d0e984fb05503046ccc564) Importer(815301076,1909f56bfc062723c751e8b465ee728b)  -> (artifact id: 'ee72f3e6627f9d4ca8d3a683b5c83a3e') in 0.006587 seconds
  Import took 0.013848 seconds .

========================================================================
Received Import Request.
  Time since last request: 39.070713 seconds.
  path: Assets/models/plant1/source/PeaShooter2.fbx
  artifactKey: Guid(02de5aadce742394ba32b424cdb03243) Importer(815301076,1909f56bfc062723c751e8b465ee728b)
Start importing Assets/models/plant1/source/PeaShooter2.fbx using Guid(02de5aadce742394ba32b424cdb03243) Importer(815301076,1909f56bfc062723c751e8b465ee728b)  -> (artifact id: '10da6ad784615690fd4612f682c7e63b') in 0.080286 seconds
  Import took 0.085196 seconds .

========================================================================
Received Import Request.
  Time since last request: 6.602982 seconds.
  path: Assets/models/plant1/textures/internal_ground_ao_texture.jpeg
  artifactKey: Guid(00cbd1b4849155f45ae5c6723d7111d3) Importer(815301076,1909f56bfc062723c751e8b465ee728b)
Start importing Assets/models/plant1/textures/internal_ground_ao_texture.jpeg using Guid(00cbd1b4849155f45ae5c6723d7111d3) Importer(815301076,1909f56bfc062723c751e8b465ee728b)  -> (artifact id: 'b57b14d36baa3c57af2ebc47f458dce9') in 0.049109 seconds
  Import took 0.054472 seconds .

========================================================================
Received Import Request.
  Time since last request: 0.000344 seconds.
  path: Assets/models/plant1/textures/Material Base Color PeaShooter.png
  artifactKey: Guid(29a22f55c7055314aa8c4ebe89d7f977) Importer(815301076,1909f56bfc062723c751e8b465ee728b)
Start importing Assets/models/plant1/textures/Material Base Color PeaShooter.png using Guid(29a22f55c7055314aa8c4ebe89d7f977) Importer(815301076,1909f56bfc062723c751e8b465ee728b)  -> (artifact id: '857b551b72f78920a42e0175e40d9772') in 0.032912 seconds
  Import took 0.038787 seconds .

========================================================================
Received Import Request.
  Time since last request: 472.306603 seconds.
  path: Assets/PeaShooter2.prefab
  artifactKey: Guid(fcb3d9dc5734a4045a30ac6b90521253) Importer(815301076,1909f56bfc062723c751e8b465ee728b)
Start importing Assets/PeaShooter2.prefab using Guid(fcb3d9dc5734a4045a30ac6b90521253) Importer(815301076,1909f56bfc062723c751e8b465ee728b)  -> (artifact id: '3fcfd990f154607268a768bae7447fac') in 0.058880 seconds
  Import took 0.065750 seconds .

========================================================================
Received Import Request.
  Time since last request: 56.234239 seconds.
  path: Assets/plant1.prefab
  artifactKey: Guid(fcb3d9dc5734a4045a30ac6b90521253) Importer(815301076,1909f56bfc062723c751e8b465ee728b)
Start importing Assets/plant1.prefab using Guid(fcb3d9dc5734a4045a30ac6b90521253) Importer(815301076,1909f56bfc062723c751e8b465ee728b)  -> (artifact id: '5b3201011f552bf080c7ef4db962dfbd') in 0.036707 seconds
  Import took 0.043651 seconds .

========================================================================
Received Prepare
Registering precompiled user dll's ...
Registered in 0.005590 seconds.
Begin MonoManager ReloadAssembly
Native extension for WindowsStandalone target not found
Native extension for WebGL target not found
Refreshing native plugins compatible for Editor in 0.70 ms, found 2 plugins.
Preloading 0 native plugins for Editor in 0.00 ms.
Mono: successfully reloaded assembly
- Completed reload, in  3.805 seconds
Platform modules already initialized, skipping
Refreshing native plugins compatible for Editor in 0.72 ms, found 2 plugins.
Preloading 0 native plugins for Editor in 0.00 ms.
Unloading 1385 Unused Serialized files (Serialized files now loaded: 0)
System memory in use before: 68.3 MB.
System memory in use after: 68.4 MB.

Unloading 14 unused Assets to reduce memory usage. Loaded Objects now: 1871.
Total: 4.783600 ms (FindLiveObjects: 0.507000 ms CreateObjectMapping: 0.202100 ms MarkObjects: 3.952700 ms  DeleteObjects: 0.119200 ms)

========================================================================
Received Import Request.
  Time since last request: 83878.749564 seconds.
  path: Assets/plant1.prefab
  artifactKey: Guid(fcb3d9dc5734a4045a30ac6b90521253) Importer(815301076,1909f56bfc062723c751e8b465ee728b)
Start importing Assets/plant1.prefab using Guid(fcb3d9dc5734a4045a30ac6b90521253) Importer(815301076,1909f56bfc062723c751e8b465ee728b)  -> (artifact id: 'a8c08ed53f069b62c60b2384e66450dd') in 0.230843 seconds
  Import took 0.237830 seconds .

========================================================================
Received Prepare
Registering precompiled user dll's ...
Registered in 0.015558 seconds.
Begin MonoManager ReloadAssembly
Native extension for WindowsStandalone target not found
Native extension for WebGL target not found
Refreshing native plugins compatible for Editor in 0.50 ms, found 2 plugins.
Preloading 0 native plugins for Editor in 0.00 ms.
Mono: successfully reloaded assembly
- Completed reload, in  2.147 seconds
Platform modules already initialized, skipping
Refreshing native plugins compatible for Editor in 0.55 ms, found 2 plugins.
Preloading 0 native plugins for Editor in 0.00 ms.
Unloading 1385 Unused Serialized files (Serialized files now loaded: 0)
System memory in use before: 68.3 MB.
System memory in use after: 68.4 MB.

Unloading 14 unused Assets to reduce memory usage. Loaded Objects now: 1875.
Total: 5.139500 ms (FindLiveObjects: 0.447400 ms CreateObjectMapping: 0.209300 ms MarkObjects: 4.357500 ms  DeleteObjects: 0.121800 ms)

========================================================================
Received Import Request.
  Time since last request: 90.259425 seconds.
  path: Assets/plant1.prefab
  artifactKey: Guid(fcb3d9dc5734a4045a30ac6b90521253) Importer(815301076,1909f56bfc062723c751e8b465ee728b)
Start importing Assets/plant1.prefab using Guid(fcb3d9dc5734a4045a30ac6b90521253) Importer(815301076,1909f56bfc062723c751e8b465ee728b)  -> (artifact id: '6b6a629c7d4685bf246c7ec1e77c9c9a') in 0.185117 seconds
  Import took 0.191698 seconds .

========================================================================
Received Prepare
Registering precompiled user dll's ...
Registered in 0.009337 seconds.
Begin MonoManager ReloadAssembly
Native extension for WindowsStandalone target not found
Native extension for WebGL target not found
Refreshing native plugins compatible for Editor in 0.46 ms, found 2 plugins.
Preloading 0 native plugins for Editor in 0.00 ms.
Mono: successfully reloaded assembly
- Completed reload, in  2.384 seconds
Platform modules already initialized, skipping
Refreshing native plugins compatible for Editor in 0.83 ms, found 2 plugins.
Preloading 0 native plugins for Editor in 0.00 ms.
Unloading 1385 Unused Serialized files (Serialized files now loaded: 0)
System memory in use before: 68.3 MB.
System memory in use after: 68.4 MB.

Unloading 14 unused Assets to reduce memory usage. Loaded Objects now: 1879.
Total: 4.498200 ms (FindLiveObjects: 0.511400 ms CreateObjectMapping: 0.211400 ms MarkObjects: 3.656000 ms  DeleteObjects: 0.116800 ms)

========================================================================
Received Import Request.
  Time since last request: 671.481192 seconds.
  path: Assets/zombie1.prefab
  artifactKey: Guid(8e5d2c5bb39fb9148b72df10ce1fe875) Importer(815301076,1909f56bfc062723c751e8b465ee728b)
Start importing Assets/zombie1.prefab using Guid(8e5d2c5bb39fb9148b72df10ce1fe875) Importer(815301076,1909f56bfc062723c751e8b465ee728b)  -> (artifact id: 'b9d727d2d81c34119723802b20a88a12') in 0.169893 seconds
  Import took 0.176081 seconds .

========================================================================
Received Import Request.
  Time since last request: 0.000325 seconds.
  path: ProjectSettings/TagManager.asset
  artifactKey: Guid(00000000000000003000000000000000) Importer(815301076,1909f56bfc062723c751e8b465ee728b)
Start importing ProjectSettings/TagManager.asset using Guid(00000000000000003000000000000000) Importer(815301076,1909f56bfc062723c751e8b465ee728b)  -> (artifact id: 'ce6a35c3cddc746e7501c0bd0ed6d4ce') in 0.021052 seconds
  Import took 0.029237 seconds .

========================================================================
Received Import Request.
  Time since last request: 26.530163 seconds.
  path: Assets/zombie1.prefab
  artifactKey: Guid(8e5d2c5bb39fb9148b72df10ce1fe875) Importer(815301076,1909f56bfc062723c751e8b465ee728b)
Start importing Assets/zombie1.prefab using Guid(8e5d2c5bb39fb9148b72df10ce1fe875) Importer(815301076,1909f56bfc062723c751e8b465ee728b)  -> (artifact id: 'c017b70e1191cc28d5eaea0448c1cb20') in 0.029275 seconds
  Import took 0.037552 seconds .

========================================================================
Received Import Request.
  Time since last request: 26.891723 seconds.
  path: Assets/plant1.prefab
  artifactKey: Guid(fcb3d9dc5734a4045a30ac6b90521253) Importer(815301076,1909f56bfc062723c751e8b465ee728b)
Start importing Assets/plant1.prefab using Guid(fcb3d9dc5734a4045a30ac6b90521253) Importer(815301076,1909f56bfc062723c751e8b465ee728b)  -> (artifact id: 'a766ccf49cb22d905dd01c447855135d') in 0.066298 seconds
  Import took 0.073350 seconds .

========================================================================
Received Prepare
Registering precompiled user dll's ...
Registered in 0.015835 seconds.
Begin MonoManager ReloadAssembly
Native extension for WindowsStandalone target not found
Native extension for WebGL target not found
Refreshing native plugins compatible for Editor in 0.66 ms, found 2 plugins.
Preloading 0 native plugins for Editor in 0.00 ms.
Mono: successfully reloaded assembly
- Completed reload, in  2.582 seconds
Platform modules already initialized, skipping
Refreshing native plugins compatible for Editor in 0.74 ms, found 2 plugins.
Preloading 0 native plugins for Editor in 0.00 ms.
Unloading 1385 Unused Serialized files (Serialized files now loaded: 0)
System memory in use before: 68.4 MB.
System memory in use after: 68.5 MB.

Unloading 15 unused Assets to reduce memory usage. Loaded Objects now: 1884.
Total: 7.401800 ms (FindLiveObjects: 0.844200 ms CreateObjectMapping: 0.619300 ms MarkObjects: 5.810400 ms  DeleteObjects: 0.125000 ms)

========================================================================
Received Prepare
Registering precompiled user dll's ...
Registered in 0.010417 seconds.
Begin MonoManager ReloadAssembly
Native extension for WindowsStandalone target not found
Native extension for WebGL target not found
Refreshing native plugins compatible for Editor in 0.96 ms, found 2 plugins.
Preloading 0 native plugins for Editor in 0.00 ms.
Mono: successfully reloaded assembly
- Completed reload, in  2.875 seconds
Platform modules already initialized, skipping
Refreshing native plugins compatible for Editor in 0.67 ms, found 2 plugins.
Preloading 0 native plugins for Editor in 0.00 ms.
Unloading 1385 Unused Serialized files (Serialized files now loaded: 0)
System memory in use before: 68.4 MB.
System memory in use after: 68.5 MB.

Unloading 14 unused Assets to reduce memory usage. Loaded Objects now: 1887.
Total: 4.386100 ms (FindLiveObjects: 0.301900 ms CreateObjectMapping: 0.179600 ms MarkObjects: 3.798100 ms  DeleteObjects: 0.103800 ms)

========================================================================
Received Prepare
Registering precompiled user dll's ...
Registered in 0.006246 seconds.
Begin MonoManager ReloadAssembly
Native extension for WindowsStandalone target not found
Native extension for WebGL target not found
Refreshing native plugins compatible for Editor in 0.64 ms, found 2 plugins.
Preloading 0 native plugins for Editor in 0.00 ms.
Mono: successfully reloaded assembly
- Completed reload, in  2.630 seconds
Platform modules already initialized, skipping
Refreshing native plugins compatible for Editor in 1.39 ms, found 2 plugins.
Preloading 0 native plugins for Editor in 0.00 ms.
Unloading 1385 Unused Serialized files (Serialized files now loaded: 0)
System memory in use before: 68.4 MB.
System memory in use after: 68.5 MB.

Unloading 14 unused Assets to reduce memory usage. Loaded Objects now: 1890.
Total: 5.049700 ms (FindLiveObjects: 0.449800 ms CreateObjectMapping: 0.132900 ms MarkObjects: 4.353300 ms  DeleteObjects: 0.111200 ms)

========================================================================
Received Prepare
Registering precompiled user dll's ...
Registered in 0.006417 seconds.
Begin MonoManager ReloadAssembly
Native extension for WindowsStandalone target not found
Native extension for WebGL target not found
Refreshing native plugins compatible for Editor in 6.45 ms, found 2 plugins.
Preloading 0 native plugins for Editor in 0.00 ms.
Mono: successfully reloaded assembly
- Completed reload, in  2.356 seconds
Platform modules already initialized, skipping
Refreshing native plugins compatible for Editor in 2.60 ms, found 2 plugins.
Preloading 0 native plugins for Editor in 0.00 ms.
Unloading 1385 Unused Serialized files (Serialized files now loaded: 0)
System memory in use before: 68.4 MB.
System memory in use after: 68.5 MB.

Unloading 14 unused Assets to reduce memory usage. Loaded Objects now: 1893.
Total: 4.790400 ms (FindLiveObjects: 0.248400 ms CreateObjectMapping: 0.094000 ms MarkObjects: 4.094600 ms  DeleteObjects: 0.350900 ms)

========================================================================
Received Import Request.
  Time since last request: 632.277741 seconds.
  path: Assets/plant1.prefab
  artifactKey: Guid(fcb3d9dc5734a4045a30ac6b90521253) Importer(815301076,1909f56bfc062723c751e8b465ee728b)
Start importing Assets/plant1.prefab using Guid(fcb3d9dc5734a4045a30ac6b90521253) Importer(815301076,1909f56bfc062723c751e8b465ee728b)  -> (artifact id: '031216a8ea24bd46d17c37351ff80fdd') in 0.201605 seconds
  Import took 0.206659 seconds .

AssetImportWorkerClient::OnTransportError - code=2 error=End of file
